0 info it worked if it ends with ok
1 verbose cli [ '/usr/bin/node', '/usr/bin/npm', 'run', 'build' ]
2 info using npm@3.5.2
3 info using node@v8.10.0
4 verbose run-script [ 'prebuild', 'build', 'postbuild' ]
5 info lifecycle lego@0.0.3~prebuild: lego@0.0.3
6 silly lifecycle lego@0.0.3~prebuild: no script for prebuild, continuing
7 info lifecycle lego@0.0.3~build: lego@0.0.3
8 verbose lifecycle lego@0.0.3~build: unsafe-perm in lifecycle true
9 verbose lifecycle lego@0.0.3~build: PATH: /usr/share/npm/bin/node-gyp-bin:/mnt/d/Github/node_modules/.bin:/usr/local/sbin:/usr/local/bin:/usr/sbin:/usr/bin:/sbin:/bin:/usr/games:/usr/local/games:/mnt/f/Program Files (x86)/Python36-32/Scripts:/mnt/f/Program Files (x86)/Python36-32:/mnt/c/ProgramData/Oracle/Java/javapath_target_1747953:/mnt/c/Program Files (x86)/Intel/iCLS Client:/mnt/c/Program Files/Intel/iCLS Client:/mnt/c/Windows/System32:/mnt/c/Windows:/mnt/c/Windows/System32/wbem:/mnt/c/Windows/System32/WindowsPowerShell/v1.0:/mnt/c/Program Files (x86)/NVIDIA Corporation/PhysX/Common:/mnt/c/Program Files (x86)/Intel/Intel(R) Management Engine Components/DAL:/mnt/c/Program Files/Intel/Intel(R) Management Engine Components/DAL:/mnt/c/Program Files (x86)/Intel/Intel(R) Management Engine Components/IPT:/mnt/c/Program Files/Intel/Intel(R) Management Engine Components/IPT:/mnt/c/Program Files/Microsoft SQL Server/Client SDK/ODBC/110/Tools/Binn:/mnt/c/Program Files (x86)/Microsoft SQL Server/120/Tools/Binn:/mnt/c/Program Files/Microsoft SQL Server/120/Tools/Binn:/mnt/c/Program Files/Microsoft SQL Server/120/DTS/Binn:/mnt/c/Program Files (x86)/Windows Kits/8.1/Windows Performance Toolkit:/mnt/f/Program Files/MATLAB/R2013a/runtime/win64:/mnt/f/Program Files/MATLAB/R2013a/bin:/mnt/c/Program Files/Agilent/IO Libraries Suite/bin:/mnt/c/Program Files/IVI Foundation/VISA/Win64/agvisa:/mnt/c/Program Files/IVI Foundation/VISA/Win64/Bin:/mnt/c/Program Files (x86)/Agilent/IO Libraries Suite/bin:/mnt/c/Program Files (x86)/IVI Foundation/VISA/WinNT/agvisa:/mnt/c/Program Files (x86)/IVI Foundation/VISA/WinNT/Bin:/mnt/c/Program Files (x86)/IVI Foundation/IVI/Bin:/mnt/c/Program Files/IVI Foundation/IVI/Bin:/mnt/c/Program Files (x86)/IVI Foundation/VISA/WinNT/Bin:/mnt/c/Program Files/IVI Foundation/VISA/Win64/Bin:/mnt/c/Program Files/Microsoft DNX/Dnvm:/mnt/f/Program Files/CD-adapco/STAR-CCM+10.04.011-R8/star/bin:/mnt/f/Program Files/CD-adapco/STAR-View+10.04.011:/mnt/c/Program Files/MySQL/MySQL Utilities 1.6:/mnt/f/Qt/Qt5.4.0/Tools/mingw491_32/bin:/mnt/f/Qt/Qt5.4.0/Tools/mingw491_32/include:/mnt/f/Qt/Qt5.4.0/Tools/mingw491_32/lib:/mnt/f/Program Files/Git/cmd:/mnt/c/Windows/System32:/mnt/c/Windows:/mnt/c/Windows/System32/wbem:/mnt/c/Windows/System32/WindowsPowerShell/v1.0:/mnt/c/Program Files/nodejs:/mnt/c/Windows/System32/OpenSSH:/mnt/c/Program Files/MongoDB/Server/4.0/bin:/mnt/f/Program Files/Microsoft VS Code/bin:/mnt/c/Users/hblvs/AppData/Local/Microsoft/WindowsApps:/mnt/c/Users/hblvs/AppData/Local/GitHubDesktop/bin:/mnt/c/Users/hblvs/AppData/Local/Microsoft/WindowsApps:/mnt/c/Users/hblvs/AppData/Roaming/npm:/mnt/f/Softwares/apache-maven-3.5.4-bin/apache-maven-3.5.4/bin:/mnt/f/Softwares/hadoop-3.1.1/bin:/mnt/f/Program Files/Java/jdk-9.0.1/bin:/snap/bin
10 verbose lifecycle lego@0.0.3~build: CWD: /mnt/d/Github
11 silly lifecycle lego@0.0.3~build: Args: [ '-c', 'node ./helper/lego-build/index.js' ]
12 silly lifecycle lego@0.0.3~build: Returned: code: 1  signal: null
13 info lifecycle lego@0.0.3~build: Failed to exec build script
14 verbose stack Error: lego@0.0.3 build: `node ./helper/lego-build/index.js`
14 verbose stack Exit status 1
14 verbose stack     at EventEmitter.<anonymous> (/usr/share/npm/lib/utils/lifecycle.js:232:16)
14 verbose stack     at emitTwo (events.js:126:13)
14 verbose stack     at EventEmitter.emit (events.js:214:7)
14 verbose stack     at ChildProcess.<anonymous> (/usr/share/npm/lib/utils/spawn.js:24:14)
14 verbose stack     at emitTwo (events.js:126:13)
14 verbose stack     at ChildProcess.emit (events.js:214:7)
14 verbose stack     at maybeClose (internal/child_process.js:925:16)
14 verbose stack     at Process.ChildProcess._handle.onexit (internal/child_process.js:209:5)
15 verbose pkgid lego@0.0.3
16 verbose cwd /mnt/d/Github/IACSystem
17 error Linux 4.4.0-17134-Microsoft
18 error argv "/usr/bin/node" "/usr/bin/npm" "run" "build"
19 error node v8.10.0
20 error npm  v3.5.2
21 error code ELIFECYCLE
22 error lego@0.0.3 build: `node ./helper/lego-build/index.js`
22 error Exit status 1
23 error Failed at the lego@0.0.3 build script 'node ./helper/lego-build/index.js'.
23 error Make sure you have the latest version of node.js and npm installed.
23 error If you do, this is most likely a problem with the lego package,
23 error not with npm itself.
23 error Tell the author that this fails on your system:
23 error     node ./helper/lego-build/index.js
23 error You can get information on how to open an issue for this project with:
23 error     npm bugs lego
23 error Or if that isn't available, you can get their info via:
23 error     npm owner ls lego
23 error There is likely additional logging output above.
24 verbose exit [ 1, true ]
